This file contains any messages produced by compilers while
running configure, to aid debugging if configure makes a mistake.

It was created by libxpu configure 0.1.5, which was
generated by GNU Autoconf 2.69.  Invocation command line was

  $ ./configure 

## --------- ##
## Platform. ##
## --------- ##

hostname = Naders-MacBook-Air.local
uname -m = x86_64
uname -r = 14.5.0
uname -s = Darwin
uname -v = Darwin Kernel Version 14.5.0: Wed Jul 29 02:26:53 PDT 2015; root:xnu-2782.40.9~1/RELEASE_X86_64

/usr/bin/uname -p = i386
/bin/uname -X     = unknown

/bin/arch              = unknown
/usr/bin/arch -k       = unknown
/usr/convex/getsysinfo = unknown
/usr/bin/hostinfo      = Mach kernel version:
	 Darwin Kernel Version 14.5.0: Wed Jul 29 02:26:53 PDT 2015; root:xnu-2782.40.9~1/RELEASE_X86_64
Kernel configured for up to 4 processors.
2 processors are physically available.
4 processors are logically available.
Processor type: x86_64h (Intel x86-64h Haswell)
Processors active: 0 1 2 3
Primary memory available: 8.00 gigabytes
Default processor set: 227 tasks, 1255 threads, 4 processors
Load average: 1.67, Mach factor: 2.32
/bin/machine           = unknown
/usr/bin/oslevel       = unknown
/bin/universe          = unknown

PATH: /usr/local/bin
PATH: /usr/bin
PATH: /bin
PATH: /usr/sbin
PATH: /sbin
PATH: /opt/X11/bin


## ----------- ##
## Core tests. ##
## ----------- ##

configure:2305: checking for a BSD-compatible install
configure:2373: result: /usr/bin/install -c
configure:2384: checking whether build environment is sane
configure:2439: result: yes
configure:2590: checking for a thread-safe mkdir -p
configure:2629: result: ./install-sh -c -d
configure:2636: checking for gawk
configure:2666: result: no
configure:2636: checking for mawk
configure:2666: result: no
configure:2636: checking for nawk
configure:2666: result: no
configure:2636: checking for awk
configure:2652: found /usr/bin/awk
configure:2663: result: awk
configure:2674: checking whether make sets $(MAKE)
configure:2696: result: yes
configure:2725: checking whether make supports nested variables
configure:2742: result: yes
configure:2924: checking for g++
configure:2940: found /usr/bin/g++
configure:2951: result: g++
configure:2978: checking for C++ compiler version
configure:2987: g++ --version >&5
Apple LLVM version 7.0.0 (clang-700.1.76)
Target: x86_64-apple-darwin14.5.0
Thread model: posix
Configured with: --prefix=/Library/Developer/CommandLineTools/usr --with-gxx-include-dir=/usr/include/c++/4.2.1
configure:2998: $? = 0
configure:2987: g++ -v >&5
Configured with: --prefix=/Library/Developer/CommandLineTools/usr --with-gxx-include-dir=/usr/include/c++/4.2.1
Apple LLVM version 7.0.0 (clang-700.1.76)
Target: x86_64-apple-darwin14.5.0
Thread model: posix
configure:2998: $? = 0
configure:2987: g++ -V >&5
clang: error: argument to '-V' is missing (expected 1 value)
clang: error: no input files
configure:2998: $? = 1
configure:2987: g++ -qversion >&5
clang: error: unknown argument: '-qversion'
clang: error: no input files
configure:2998: $? = 1
configure:3018: checking whether the C++ compiler works
configure:3040: g++    conftest.cpp  >&5
configure:3044: $? = 0
configure:3092: result: yes
configure:3095: checking for C++ compiler default output file name
configure:3097: result: a.out
configure:3103: checking for suffix of executables
configure:3110: g++ -o conftest    conftest.cpp  >&5
configure:3114: $? = 0
configure:3136: result: 
configure:3158: checking whether we are cross compiling
configure:3166: g++ -o conftest    conftest.cpp  >&5
configure:3170: $? = 0
configure:3177: ./conftest
configure:3181: $? = 0
configure:3196: result: no
configure:3201: checking for suffix of object files
configure:3223: g++ -c   conftest.cpp >&5
configure:3227: $? = 0
configure:3248: result: o
configure:3252: checking whether we are using the GNU C++ compiler
configure:3271: g++ -c   conftest.cpp >&5
configure:3271: $? = 0
configure:3280: result: yes
configure:3289: checking whether g++ accepts -g
configure:3309: g++ -c -g  conftest.cpp >&5
configure:3309: $? = 0
configure:3350: result: yes
configure:3384: checking for style of include used by make
configure:3412: result: GNU
configure:3438: checking dependency style of g++
configure:3549: result: gcc3
configure:3612: checking for gcc
configure:3628: found /usr/bin/gcc
configure:3639: result: gcc
configure:3868: checking for C compiler version
configure:3877: gcc --version >&5
Apple LLVM version 7.0.0 (clang-700.1.76)
Target: x86_64-apple-darwin14.5.0
Thread model: posix
Configured with: --prefix=/Library/Developer/CommandLineTools/usr --with-gxx-include-dir=/usr/include/c++/4.2.1
configure:3888: $? = 0
configure:3877: gcc -v >&5
Configured with: --prefix=/Library/Developer/CommandLineTools/usr --with-gxx-include-dir=/usr/include/c++/4.2.1
Apple LLVM version 7.0.0 (clang-700.1.76)
Target: x86_64-apple-darwin14.5.0
Thread model: posix
configure:3888: $? = 0
configure:3877: gcc -V >&5
clang: error: argument to '-V' is missing (expected 1 value)
clang: error: no input files
configure:3888: $? = 1
configure:3877: gcc -qversion >&5
clang: error: unknown argument: '-qversion'
clang: error: no input files
configure:3888: $? = 1
configure:3892: checking whether we are using the GNU C compiler
configure:3911: gcc -c   conftest.c >&5
configure:3911: $? = 0
configure:3920: result: yes
configure:3929: checking whether gcc accepts -g
configure:3949: gcc -c -g  conftest.c >&5
configure:3949: $? = 0
configure:3990: result: yes
configure:4007: checking for gcc option to accept ISO C89
configure:4070: gcc  -c -g -O2  conftest.c >&5
configure:4070: $? = 0
configure:4083: result: none needed
configure:4108: checking whether gcc understands -c and -o together
configure:4130: gcc -c conftest.c -o conftest2.o
configure:4133: $? = 0
configure:4130: gcc -c conftest.c -o conftest2.o
configure:4133: $? = 0
configure:4145: result: yes
configure:4164: checking dependency style of gcc
configure:4275: result: gcc3
configure:4291: checking for pthread_create in -lpthread
configure:4316: gcc -o conftest -g -O2   conftest.c -lpthread   >&5
configure:4316: $? = 0
configure:4325: result: yes
configure:4336: checking for pthread_join in -lpthread
configure:4361: gcc -o conftest -g -O2   conftest.c -lpthread  -lpthread  >&5
configure:4361: $? = 0
configure:4370: result: yes
configure:4381: checking for pthread_exit in -lpthread
configure:4406: gcc -o conftest -g -O2   conftest.c -lpthread  -lpthread -lpthread  >&5
configure:4406: $? = 0
configure:4415: result: yes
configure:4426: checking for pthread_barrierattr_init in -lpthread
configure:4451: gcc -o conftest -g -O2   conftest.c -lpthread  -lpthread -lpthread -lpthread  >&5
Undefined symbols for architecture x86_64:
  "_pthread_barrierattr_init", referenced from:
      _main in conftest-acb3d2.o
ld: symbol(s) not found for architecture x86_64
clang: error: linker command failed with exit code 1 (use -v to see invocation)
configure:4451: $? = 1
configure: failed program was:
| /* confdefs.h */
| #define PACKAGE_NAME "libxpu"
| #define PACKAGE_TARNAME "xpu"
| #define PACKAGE_VERSION "0.1.5"
| #define PACKAGE_STRING "libxpu 0.1.5"
| #define PACKAGE_BUGREPORT "nader.khammassi@gmail.com"
| #define PACKAGE_URL "http://www.xpu-project.net"
| #define HAVE_LIBPTHREAD 1
| #define HAVE_LIBPTHREAD 1
| #define HAVE_LIBPTHREAD 1
| /* end confdefs.h.  */
| 
| /* Override any GCC internal prototype to avoid an error.
|    Use char because int might match the return type of a GCC
|    builtin and then its argument prototype would still apply.  */
| #ifdef __cplusplus
| extern "C"
| #endif
| char pthread_barrierattr_init ();
| int
| main ()
| {
| return pthread_barrierattr_init ();
|   ;
|   return 0;
| }
configure:4460: result: no
configure:4471: checking for pthread_barrier_init in -lpthread
configure:4496: gcc -o conftest -g -O2   conftest.c -lpthread  -lpthread -lpthread -lpthread  >&5
Undefined symbols for architecture x86_64:
  "_pthread_barrier_init", referenced from:
      _main in conftest-77e0fe.o
ld: symbol(s) not found for architecture x86_64
clang: error: linker command failed with exit code 1 (use -v to see invocation)
configure:4496: $? = 1
configure: failed program was:
| /* confdefs.h */
| #define PACKAGE_NAME "libxpu"
| #define PACKAGE_TARNAME "xpu"
| #define PACKAGE_VERSION "0.1.5"
| #define PACKAGE_STRING "libxpu 0.1.5"
| #define PACKAGE_BUGREPORT "nader.khammassi@gmail.com"
| #define PACKAGE_URL "http://www.xpu-project.net"
| #define HAVE_LIBPTHREAD 1
| #define HAVE_LIBPTHREAD 1
| #define HAVE_LIBPTHREAD 1
| /* end confdefs.h.  */
| 
| /* Override any GCC internal prototype to avoid an error.
|    Use char because int might match the return type of a GCC
|    builtin and then its argument prototype would still apply.  */
| #ifdef __cplusplus
| extern "C"
| #endif
| char pthread_barrier_init ();
| int
| main ()
| {
| return pthread_barrier_init ();
|   ;
|   return 0;
| }
configure:4505: result: no
configure:4516: checking for pthread_mutex_init in -lpthread
configure:4541: gcc -o conftest -g -O2   conftest.c -lpthread  -lpthread -lpthread -lpthread  >&5
configure:4541: $? = 0
configure:4550: result: yes
configure:4561: checking for pthread_mutex_destroy in -lpthread
configure:4586: gcc -o conftest -g -O2   conftest.c -lpthread  -lpthread -lpthread -lpthread -lpthread  >&5
configure:4586: $? = 0
configure:4595: result: yes
configure:4606: checking for pthread_mutex_lock in -lpthread
configure:4631: gcc -o conftest -g -O2   conftest.c -lpthread  -lpthread -lpthread -lpthread -lpthread -lpthread  >&5
configure:4631: $? = 0
configure:4640: result: yes
configure:4651: checking for pthread_mutex_unlock in -lpthread
configure:4676: gcc -o conftest -g -O2   conftest.c -lpthread  -lpthread -lpthread -lpthread -lpthread -lpthread -lpthread  >&5
configure:4676: $? = 0
configure:4685: result: yes
configure:4696: checking for pthread_cond_init in -lpthread
configure:4721: gcc -o conftest -g -O2   conftest.c -lpthread  -lpthread -lpthread -lpthread -lpthread -lpthread -lpthread -lpthread  >&5
configure:4721: $? = 0
configure:4730: result: yes
configure:4741: checking for pthread_cond_destroy in -lpthread
configure:4766: gcc -o conftest -g -O2   conftest.c -lpthread  -lpthread -lpthread -lpthread -lpthread -lpthread -lpthread -lpthread -lpthread  >&5
configure:4766: $? = 0
configure:4775: result: yes
configure:4786: checking for pthread_cond_destroy in -lpthread
configure:4820: result: yes
configure:4831: checking for pthread_cond_broadcast in -lpthread
configure:4856: gcc -o conftest -g -O2   conftest.c -lpthread  -lpthread -lpthread -lpthread -lpthread -lpthread -lpthread -lpthread -lpthread -lpthread -lpthread  >&5
configure:4856: $? = 0
configure:4865: result: yes
configure:4876: checking for pthread_cond_wait in -lpthread
configure:4901: gcc -o conftest -g -O2   conftest.c -lpthread  -lpthread -lpthread -lpthread -lpthread -lpthread -lpthread -lpthread -lpthread -lpthread -lpthread -lpthread  >&5
configure:4901: $? = 0
configure:4910: result: yes
configure:4921: checking for pthread_cond_signal in -lpthread
configure:4946: gcc -o conftest -g -O2   conftest.c -lpthread  -lpthread -lpthread -lpthread -lpthread -lpthread -lpthread -lpthread -lpthread -lpthread -lpthread -lpthread -lpthread  >&5
configure:4946: $? = 0
configure:4955: result: yes
configure:4997: checking build system type
configure:5011: result: x86_64-apple-darwin14.5.0
configure:5031: checking host system type
configure:5044: result: x86_64-apple-darwin14.5.0
configure:5085: checking how to print strings
configure:5112: result: printf
configure:5133: checking for a sed that does not truncate output
configure:5197: result: /usr/bin/sed
configure:5215: checking for grep that handles long lines and -e
configure:5273: result: /usr/bin/grep
configure:5278: checking for egrep
configure:5340: result: /usr/bin/grep -E
configure:5345: checking for fgrep
configure:5407: result: /usr/bin/grep -F
configure:5442: checking for ld used by gcc
configure:5509: result: /Library/Developer/CommandLineTools/usr/bin/ld
configure:5516: checking if the linker (/Library/Developer/CommandLineTools/usr/bin/ld) is GNU ld
configure:5531: result: no
configure:5543: checking for BSD- or MS-compatible name lister (nm)
configure:5597: result: /usr/bin/nm
configure:5727: checking the name lister (/usr/bin/nm) interface
configure:5734: gcc -c -g -O2  conftest.c >&5
configure:5737: /usr/bin/nm "conftest.o"
configure:5740: output
00000000000001ec S _some_variable
configure:5747: result: BSD nm
configure:5750: checking whether ln -s works
configure:5754: result: yes
configure:5762: checking the maximum length of command line arguments
configure:5893: result: 196608
configure:5941: checking how to convert x86_64-apple-darwin14.5.0 file names to x86_64-apple-darwin14.5.0 format
configure:5981: result: func_convert_file_noop
configure:5988: checking how to convert x86_64-apple-darwin14.5.0 file names to toolchain format
configure:6008: result: func_convert_file_noop
configure:6015: checking for /Library/Developer/CommandLineTools/usr/bin/ld option to reload object files
configure:6022: result: -r
configure:6096: checking for objdump
configure:6126: result: no
configure:6155: checking how to recognize dependent libraries
configure:6355: result: pass_all
configure:6440: checking for dlltool
configure:6470: result: no
configure:6500: checking how to associate runtime and link libraries
configure:6527: result: printf %s\n
configure:6587: checking for ar
configure:6603: found /usr/bin/ar
configure:6614: result: ar
configure:6651: checking for archiver @FILE support
configure:6668: gcc -c -g -O2  conftest.c >&5
configure:6668: $? = 0
configure:6671: ar cru libconftest.a @conftest.lst >&5
ar: @conftest.lst: No such file or directory
configure:6674: $? = 1
configure:6694: result: no
configure:6752: checking for strip
configure:6768: found /usr/bin/strip
configure:6779: result: strip
configure:6851: checking for ranlib
configure:6867: found /usr/bin/ranlib
configure:6878: result: ranlib
configure:6980: checking command to parse /usr/bin/nm output from gcc object
configure:7133: gcc -c -g -O2  conftest.c >&5
configure:7136: $? = 0
configure:7140: /usr/bin/nm conftest.o \| sed -n -e 's/^.*[ ]\([BCDEGRST][BCDEGRST]*\)[ ][ ]*\([_A-Za-z][_A-Za-z0-9]*\)$/\1 \2 \2/p' | sed '/ __gnu_lto/d' \> conftest.nm
configure:7143: $? = 0
cannot find nm_test_var in conftest.nm
configure:7133: gcc -c -g -O2  conftest.c >&5
configure:7136: $? = 0
configure:7140: /usr/bin/nm conftest.o \| sed -n -e 's/^.*[ ]\([BCDEGRST][BCDEGRST]*\)[ ][ ]*_\([_A-Za-z][_A-Za-z0-9]*\)$/\1 _\2 \2/p' | sed '/ __gnu_lto/d' \> conftest.nm
configure:7143: $? = 0
configure:7209: gcc -o conftest -g -O2   conftest.c conftstm.o >&5
warning: (x86_64)  could not find object file symbol for symbol _main
configure:7212: $? = 0
configure:7250: result: ok
configure:7297: checking for sysroot
configure:7327: result: no
configure:7334: checking for a working dd
configure:7372: result: /bin/dd
configure:7376: checking how to truncate binary pipes
configure:7391: result: /bin/dd bs=4096 count=1
configure:7720: checking for mt
configure:7750: result: no
configure:7770: checking if : is a manifest tool
configure:7776: : '-?'
configure:7784: result: no
configure:7840: checking for dsymutil
configure:7856: found /usr/bin/dsymutil
configure:7867: result: dsymutil
configure:7932: checking for nmedit
configure:7948: found /usr/bin/nmedit
configure:7959: result: nmedit
configure:8024: checking for lipo
configure:8040: found /usr/bin/lipo
configure:8051: result: lipo
configure:8116: checking for otool
configure:8132: found /usr/bin/otool
configure:8143: result: otool
configure:8208: checking for otool64
configure:8238: result: no
configure:8283: checking for -single_module linker flag
gcc -g -O2  -o libconftest.dylib -dynamiclib -Wl,-single_module conftest.c
configure:8316: result: yes
configure:8319: checking for -exported_symbols_list linker flag
configure:8339: gcc -o conftest -g -O2   -Wl,-exported_symbols_list,conftest.sym conftest.c -lpthread -lpthread -lpthread -lpthread -lpthread -lpthread -lpthread -lpthread -lpthread -lpthread -lpthread -lpthread -lpthread  >&5
configure:8339: $? = 0
configure:8349: result: yes
configure:8352: checking for -force_load linker flag
gcc -g -O2 -c -o conftest.o conftest.c
ar cru libconftest.a conftest.o
ranlib libconftest.a
gcc -g -O2  -o conftest conftest.c -Wl,-force_load,./libconftest.a
configure:8384: result: yes
configure:8461: checking how to run the C preprocessor
configure:8492: gcc -E  conftest.c
configure:8492: $? = 0
configure:8506: gcc -E  conftest.c
conftest.c:22:10: fatal error: 'ac_nonexistent.h' file not found
#include <ac_nonexistent.h>
         ^
1 error generated.
configure:8506: $? = 1
configure: failed program was:
| /* confdefs.h */
| #define PACKAGE_NAME "libxpu"
| #define PACKAGE_TARNAME "xpu"
| #define PACKAGE_VERSION "0.1.5"
| #define PACKAGE_STRING "libxpu 0.1.5"
| #define PACKAGE_BUGREPORT "nader.khammassi@gmail.com"
| #define PACKAGE_URL "http://www.xpu-project.net"
| #define HAVE_LIBPTHREAD 1
| #define HAVE_LIBPTHREAD 1
| #define HAVE_LIBPTHREAD 1
| #define HAVE_LIBPTHREAD 1
| #define HAVE_LIBPTHREAD 1
| #define HAVE_LIBPTHREAD 1
| #define HAVE_LIBPTHREAD 1
| #define HAVE_LIBPTHREAD 1
| #define HAVE_LIBPTHREAD 1
| #define HAVE_LIBPTHREAD 1
| #define HAVE_LIBPTHREAD 1
| #define HAVE_LIBPTHREAD 1
| #define HAVE_LIBPTHREAD 1
| /* end confdefs.h.  */
| #include <ac_nonexistent.h>
configure:8531: result: gcc -E
configure:8551: gcc -E  conftest.c
configure:8551: $? = 0
configure:8565: gcc -E  conftest.c
conftest.c:22:10: fatal error: 'ac_nonexistent.h' file not found
#include <ac_nonexistent.h>
         ^
1 error generated.
configure:8565: $? = 1
configure: failed program was:
| /* confdefs.h */
| #define PACKAGE_NAME "libxpu"
| #define PACKAGE_TARNAME "xpu"
| #define PACKAGE_VERSION "0.1.5"
| #define PACKAGE_STRING "libxpu 0.1.5"
| #define PACKAGE_BUGREPORT "nader.khammassi@gmail.com"
| #define PACKAGE_URL "http://www.xpu-project.net"
| #define HAVE_LIBPTHREAD 1
| #define HAVE_LIBPTHREAD 1
| #define HAVE_LIBPTHREAD 1
| #define HAVE_LIBPTHREAD 1
| #define HAVE_LIBPTHREAD 1
| #define HAVE_LIBPTHREAD 1
| #define HAVE_LIBPTHREAD 1
| #define HAVE_LIBPTHREAD 1
| #define HAVE_LIBPTHREAD 1
| #define HAVE_LIBPTHREAD 1
| #define HAVE_LIBPTHREAD 1
| #define HAVE_LIBPTHREAD 1
| #define HAVE_LIBPTHREAD 1
| /* end confdefs.h.  */
| #include <ac_nonexistent.h>
configure:8594: checking for ANSI C header files
configure:8614: gcc -c -g -O2  conftest.c >&5
configure:8614: $? = 0
configure:8687: gcc -o conftest -g -O2   conftest.c -lpthread -lpthread -lpthread -lpthread -lpthread -lpthread -lpthread -lpthread -lpthread -lpthread -lpthread -lpthread -lpthread  >&5
configure:8687: $? = 0
configure:8687: ./conftest
configure:8687: $? = 0
configure:8698: result: yes
configure:8711: checking for sys/types.h
configure:8711: gcc -c -g -O2  conftest.c >&5
configure:8711: $? = 0
configure:8711: result: yes
configure:8711: checking for sys/stat.h
configure:8711: gcc -c -g -O2  conftest.c >&5
configure:8711: $? = 0
configure:8711: result: yes
configure:8711: checking for stdlib.h
configure:8711: gcc -c -g -O2  conftest.c >&5
configure:8711: $? = 0
configure:8711: result: yes
configure:8711: checking for string.h
configure:8711: gcc -c -g -O2  conftest.c >&5
configure:8711: $? = 0
configure:8711: result: yes
configure:8711: checking for memory.h
configure:8711: gcc -c -g -O2  conftest.c >&5
configure:8711: $? = 0
configure:8711: result: yes
configure:8711: checking for strings.h
configure:8711: gcc -c -g -O2  conftest.c >&5
configure:8711: $? = 0
configure:8711: result: yes
configure:8711: checking for inttypes.h
configure:8711: gcc -c -g -O2  conftest.c >&5
configure:8711: $? = 0
configure:8711: result: yes
configure:8711: checking for stdint.h
configure:8711: gcc -c -g -O2  conftest.c >&5
configure:8711: $? = 0
configure:8711: result: yes
configure:8711: checking for unistd.h
configure:8711: gcc -c -g -O2  conftest.c >&5
configure:8711: $? = 0
configure:8711: result: yes
configure:8725: checking for dlfcn.h
configure:8725: gcc -c -g -O2  conftest.c >&5
configure:8725: $? = 0
configure:8725: result: yes
configure:8992: checking for objdir
configure:9007: result: .libs
configure:9271: checking if gcc supports -fno-rtti -fno-exceptions
configure:9289: gcc -c -g -O2  -fno-rtti -fno-exceptions conftest.c >&5
configure:9293: $? = 0
configure:9306: result: yes
configure:9664: checking for gcc option to produce PIC
configure:9671: result: -fno-common -DPIC
configure:9679: checking if gcc PIC flag -fno-common -DPIC works
configure:9697: gcc -c -g -O2  -fno-common -DPIC -DPIC conftest.c >&5
configure:9701: $? = 0
configure:9714: result: yes
configure:9743: checking if gcc static flag -static works
configure:9771: result: no
configure:9786: checking if gcc supports -c -o file.o
configure:9807: gcc -c -g -O2  -o out/conftest2.o conftest.c >&5
configure:9811: $? = 0
configure:9833: result: yes
configure:9841: checking if gcc supports -c -o file.o
configure:9888: result: yes
configure:9921: checking whether the gcc linker (/Library/Developer/CommandLineTools/usr/bin/ld) supports shared libraries
configure:11180: result: yes
configure:11420: checking dynamic linker characteristics
configure:12238: result: darwin14.5.0 dyld
configure:12360: checking how to hardcode library paths into programs
configure:12385: result: immediate
configure:12933: checking whether stripping libraries is possible
configure:12947: result: yes
configure:12973: checking if libtool supports shared libraries
configure:12975: result: yes
configure:12978: checking whether to build shared libraries
configure:13003: result: yes
configure:13006: checking whether to build static libraries
configure:13010: result: yes
configure:13033: checking how to run the C++ preprocessor
configure:13060: g++ -E  conftest.cpp
configure:13060: $? = 0
configure:13074: g++ -E  conftest.cpp
conftest.cpp:34:10: fatal error: 'ac_nonexistent.h' file not found
#include <ac_nonexistent.h>
         ^
1 error generated.
configure:13074: $? = 1
configure: failed program was:
| /* confdefs.h */
| #define PACKAGE_NAME "libxpu"
| #define PACKAGE_TARNAME "xpu"
| #define PACKAGE_VERSION "0.1.5"
| #define PACKAGE_STRING "libxpu 0.1.5"
| #define PACKAGE_BUGREPORT "nader.khammassi@gmail.com"
| #define PACKAGE_URL "http://www.xpu-project.net"
| #define HAVE_LIBPTHREAD 1
| #define HAVE_LIBPTHREAD 1
| #define HAVE_LIBPTHREAD 1
| #define HAVE_LIBPTHREAD 1
| #define HAVE_LIBPTHREAD 1
| #define HAVE_LIBPTHREAD 1
| #define HAVE_LIBPTHREAD 1
| #define HAVE_LIBPTHREAD 1
| #define HAVE_LIBPTHREAD 1
| #define HAVE_LIBPTHREAD 1
| #define HAVE_LIBPTHREAD 1
| #define HAVE_LIBPTHREAD 1
| #define HAVE_LIBPTHREAD 1
| #define STDC_HEADERS 1
| #define HAVE_SYS_TYPES_H 1
| #define HAVE_SYS_STAT_H 1
| #define HAVE_STDLIB_H 1
| #define HAVE_STRING_H 1
| #define HAVE_MEMORY_H 1
| #define HAVE_STRINGS_H 1
| #define HAVE_INTTYPES_H 1
| #define HAVE_STDINT_H 1
| #define HAVE_UNISTD_H 1
| #define HAVE_DLFCN_H 1
| #define LT_OBJDIR ".libs/"
| /* end confdefs.h.  */
| #include <ac_nonexistent.h>
configure:13099: result: g++ -E
configure:13119: g++ -E  conftest.cpp
configure:13119: $? = 0
configure:13133: g++ -E  conftest.cpp
conftest.cpp:34:10: fatal error: 'ac_nonexistent.h' file not found
#include <ac_nonexistent.h>
         ^
1 error generated.
configure:13133: $? = 1
configure: failed program was:
| /* confdefs.h */
| #define PACKAGE_NAME "libxpu"
| #define PACKAGE_TARNAME "xpu"
| #define PACKAGE_VERSION "0.1.5"
| #define PACKAGE_STRING "libxpu 0.1.5"
| #define PACKAGE_BUGREPORT "nader.khammassi@gmail.com"
| #define PACKAGE_URL "http://www.xpu-project.net"
| #define HAVE_LIBPTHREAD 1
| #define HAVE_LIBPTHREAD 1
| #define HAVE_LIBPTHREAD 1
| #define HAVE_LIBPTHREAD 1
| #define HAVE_LIBPTHREAD 1
| #define HAVE_LIBPTHREAD 1
| #define HAVE_LIBPTHREAD 1
| #define HAVE_LIBPTHREAD 1
| #define HAVE_LIBPTHREAD 1
| #define HAVE_LIBPTHREAD 1
| #define HAVE_LIBPTHREAD 1
| #define HAVE_LIBPTHREAD 1
| #define HAVE_LIBPTHREAD 1
| #define STDC_HEADERS 1
| #define HAVE_SYS_TYPES_H 1
| #define HAVE_SYS_STAT_H 1
| #define HAVE_STDLIB_H 1
| #define HAVE_STRING_H 1
| #define HAVE_MEMORY_H 1
| #define HAVE_STRINGS_H 1
| #define HAVE_INTTYPES_H 1
| #define HAVE_STDINT_H 1
| #define HAVE_UNISTD_H 1
| #define HAVE_DLFCN_H 1
| #define LT_OBJDIR ".libs/"
| /* end confdefs.h.  */
| #include <ac_nonexistent.h>
configure:13295: checking for ld used by g++
configure:13362: result: /Library/Developer/CommandLineTools/usr/bin/ld
configure:13369: checking if the linker (/Library/Developer/CommandLineTools/usr/bin/ld) is GNU ld
configure:13384: result: no
configure:13439: checking whether the g++ linker (/Library/Developer/CommandLineTools/usr/bin/ld) supports shared libraries
configure:14512: result: yes
configure:14548: g++ -c -g -O2  conftest.cpp >&5
configure:14551: $? = 0
configure:15032: checking for g++ option to produce PIC
configure:15039: result: -fno-common -DPIC
configure:15047: checking if g++ PIC flag -fno-common -DPIC works
configure:15065: g++ -c -g -O2  -fno-common -DPIC -DPIC conftest.cpp >&5
configure:15069: $? = 0
configure:15082: result: yes
configure:15105: checking if g++ static flag -static works
configure:15133: result: no
configure:15145: checking if g++ supports -c -o file.o
configure:15166: g++ -c -g -O2  -o out/conftest2.o conftest.cpp >&5
configure:15170: $? = 0
configure:15192: result: yes
configure:15197: checking if g++ supports -c -o file.o
configure:15244: result: yes
configure:15274: checking whether the g++ linker (/Library/Developer/CommandLineTools/usr/bin/ld) supports shared libraries
configure:15314: result: yes
configure:15455: checking dynamic linker characteristics
configure:16200: result: darwin14.5.0 dyld
configure:16265: checking how to hardcode library paths into programs
configure:16290: result: immediate
configure:16474: checking that generated files are newer than configure
configure:16480: result: done
configure:16507: creating ./config.status

## ---------------------- ##
## Running config.status. ##
## ---------------------- ##

This file was extended by libxpu config.status 0.1.5, which was
generated by GNU Autoconf 2.69.  Invocation command line was

  CONFIG_FILES    = 
  CONFIG_HEADERS  = 
  CONFIG_LINKS    = 
  CONFIG_COMMANDS = 
  $ ./config.status 

on Naders-MacBook-Air.local

config.status:1159: creating Makefile
config.status:1159: creating xpu-0.1.5.pc
config.status:1159: creating config.h
config.status:1340: config.h is unchanged
config.status:1159: creating xpu-config.h
config.status:1340: xpu-config.h is unchanged
config.status:1388: executing depfiles commands
config.status:1388: executing libtool commands

## ---------------- ##
## Cache variables. ##
## ---------------- ##

ac_cv_build=x86_64-apple-darwin14.5.0
ac_cv_c_compiler_gnu=yes
ac_cv_cxx_compiler_gnu=yes
ac_cv_env_CCC_set=
ac_cv_env_CCC_value=
ac_cv_env_CC_set=
ac_cv_env_CC_value=
ac_cv_env_CFLAGS_set=
ac_cv_env_CFLAGS_value=
ac_cv_env_CPPFLAGS_set=
ac_cv_env_CPPFLAGS_value=
ac_cv_env_CPP_set=
ac_cv_env_CPP_value=
ac_cv_env_CXXCPP_set=
ac_cv_env_CXXCPP_value=
ac_cv_env_CXXFLAGS_set=
ac_cv_env_CXXFLAGS_value=
ac_cv_env_CXX_set=
ac_cv_env_CXX_value=
ac_cv_env_LDFLAGS_set=
ac_cv_env_LDFLAGS_value=
ac_cv_env_LIBS_set=
ac_cv_env_LIBS_value=
ac_cv_env_LT_SYS_LIBRARY_PATH_set=
ac_cv_env_LT_SYS_LIBRARY_PATH_value=
ac_cv_env_build_alias_set=
ac_cv_env_build_alias_value=
ac_cv_env_host_alias_set=
ac_cv_env_host_alias_value=
ac_cv_env_target_alias_set=
ac_cv_env_target_alias_value=
ac_cv_header_dlfcn_h=yes
ac_cv_header_inttypes_h=yes
ac_cv_header_memory_h=yes
ac_cv_header_stdc=yes
ac_cv_header_stdint_h=yes
ac_cv_header_stdlib_h=yes
ac_cv_header_string_h=yes
ac_cv_header_strings_h=yes
ac_cv_header_sys_stat_h=yes
ac_cv_header_sys_types_h=yes
ac_cv_header_unistd_h=yes
ac_cv_host=x86_64-apple-darwin14.5.0
ac_cv_lib_pthread_pthread_barrier_init=no
ac_cv_lib_pthread_pthread_barrierattr_init=no
ac_cv_lib_pthread_pthread_cond_broadcast=yes
ac_cv_lib_pthread_pthread_cond_destroy=yes
ac_cv_lib_pthread_pthread_cond_init=yes
ac_cv_lib_pthread_pthread_cond_signal=yes
ac_cv_lib_pthread_pthread_cond_wait=yes
ac_cv_lib_pthread_pthread_create=yes
ac_cv_lib_pthread_pthread_exit=yes
ac_cv_lib_pthread_pthread_join=yes
ac_cv_lib_pthread_pthread_mutex_destroy=yes
ac_cv_lib_pthread_pthread_mutex_init=yes
ac_cv_lib_pthread_pthread_mutex_lock=yes
ac_cv_lib_pthread_pthread_mutex_unlock=yes
ac_cv_objext=o
ac_cv_path_EGREP='/usr/bin/grep -E'
ac_cv_path_FGREP='/usr/bin/grep -F'
ac_cv_path_GREP=/usr/bin/grep
ac_cv_path_SED=/usr/bin/sed
ac_cv_path_install='/usr/bin/install -c'
ac_cv_path_lt_DD=/bin/dd
ac_cv_prog_AWK=awk
ac_cv_prog_CPP='gcc -E'
ac_cv_prog_CXXCPP='g++ -E'
ac_cv_prog_ac_ct_AR=ar
ac_cv_prog_ac_ct_CC=gcc
ac_cv_prog_ac_ct_CXX=g++
ac_cv_prog_ac_ct_DSYMUTIL=dsymutil
ac_cv_prog_ac_ct_LIPO=lipo
ac_cv_prog_ac_ct_NMEDIT=nmedit
ac_cv_prog_ac_ct_OTOOL=otool
ac_cv_prog_ac_ct_RANLIB=ranlib
ac_cv_prog_ac_ct_STRIP=strip
ac_cv_prog_cc_c89=
ac_cv_prog_cc_g=yes
ac_cv_prog_cxx_g=yes
ac_cv_prog_make_make_set=yes
am_cv_CC_dependencies_compiler_type=gcc3
am_cv_CXX_dependencies_compiler_type=gcc3
am_cv_make_support_nested_variables=yes
am_cv_prog_cc_c_o=yes
lt_cv_apple_cc_single_mod=yes
lt_cv_ar_at_file=no
lt_cv_deplibs_check_method=pass_all
lt_cv_file_magic_cmd='$MAGIC_CMD'
lt_cv_file_magic_test_file=
lt_cv_ld_exported_symbols_list=yes
lt_cv_ld_force_load=yes
lt_cv_ld_reload_flag=-r
lt_cv_nm_interface='BSD nm'
lt_cv_objdir=.libs
lt_cv_path_LD=/Library/Developer/CommandLineTools/usr/bin/ld
lt_cv_path_LDCXX=/Library/Developer/CommandLineTools/usr/bin/ld
lt_cv_path_NM=/usr/bin/nm
lt_cv_path_mainfest_tool=no
lt_cv_prog_compiler_c_o=yes
lt_cv_prog_compiler_c_o_CXX=yes
lt_cv_prog_compiler_pic='-fno-common -DPIC'
lt_cv_prog_compiler_pic_CXX='-fno-common -DPIC'
lt_cv_prog_compiler_pic_works=yes
lt_cv_prog_compiler_pic_works_CXX=yes
lt_cv_prog_compiler_rtti_exceptions=yes
lt_cv_prog_compiler_static_works=no
lt_cv_prog_compiler_static_works_CXX=no
lt_cv_prog_gnu_ld=no
lt_cv_prog_gnu_ldcxx=no
lt_cv_sharedlib_from_linklib_cmd='printf %s\n'
lt_cv_sys_global_symbol_pipe='sed -n -e '\''s/^.*[	 ]\([BCDEGRST][BCDEGRST]*\)[	 ][	 ]*_\([_A-Za-z][_A-Za-z0-9]*\)$/\1 _\2 \2/p'\'' | sed '\''/ __gnu_lto/d'\'''
lt_cv_sys_global_symbol_to_c_name_address='sed -n -e '\''s/^: \(.*\) .*$/  {"\1", (void *) 0},/p'\'' -e '\''s/^[BCDEGRST][BCDEGRST]* .* \(.*\)$/  {"\1", (void *) \&\1},/p'\'''
lt_cv_sys_global_symbol_to_c_name_address_lib_prefix='sed -n -e '\''s/^: \(.*\) .*$/  {"\1", (void *) 0},/p'\'' -e '\''s/^[BCDEGRST][BCDEGRST]* .* \(lib.*\)$/  {"\1", (void *) \&\1},/p'\'' -e '\''s/^[BCDEGRST][BCDEGRST]* .* \(.*\)$/  {"lib\1", (void *) \&\1},/p'\'''
lt_cv_sys_global_symbol_to_cdecl='sed -n -e '\''s/^T .* \(.*\)$/extern int \1();/p'\'' -e '\''s/^[BCDEGRST][BCDEGRST]* .* \(.*\)$/extern char \1;/p'\'''
lt_cv_sys_global_symbol_to_import=
lt_cv_sys_max_cmd_len=196608
lt_cv_to_host_file_cmd=func_convert_file_noop
lt_cv_to_tool_file_cmd=func_convert_file_noop
lt_cv_truncate_bin='/bin/dd bs=4096 count=1'

## ----------------- ##
## Output variables. ##
## ----------------- ##

ACLOCAL='${SHELL} /Users/nader/Develop/xpu-0.1.5/missing aclocal-1.15'
AMDEPBACKSLASH='\'
AMDEP_FALSE='#'
AMDEP_TRUE=''
AMTAR='$${TAR-tar}'
AM_BACKSLASH='\'
AM_DEFAULT_V='$(AM_DEFAULT_VERBOSITY)'
AM_DEFAULT_VERBOSITY='1'
AM_V='$(V)'
AR='ar'
AUTOCONF='${SHELL} /Users/nader/Develop/xpu-0.1.5/missing autoconf'
AUTOHEADER='${SHELL} /Users/nader/Develop/xpu-0.1.5/missing autoheader'
AUTOMAKE='${SHELL} /Users/nader/Develop/xpu-0.1.5/missing automake-1.15'
AWK='awk'
CC='gcc'
CCDEPMODE='depmode=gcc3'
CFLAGS='-g -O2'
CPP='gcc -E'
CPPFLAGS=''
CXX='g++'
CXXCPP='g++ -E'
CXXDEPMODE='depmode=gcc3'
CXXFLAGS='-g -O2'
CYGPATH_W='echo'
DEFS='-DHAVE_CONFIG_H'
DEPDIR='.deps'
DLLTOOL='false'
DSYMUTIL='dsymutil'
DUMPBIN=''
ECHO_C='\c'
ECHO_N=''
ECHO_T=''
EGREP='/usr/bin/grep -E'
EXEEXT=''
FGREP='/usr/bin/grep -F'
GREP='/usr/bin/grep'
INSTALL_DATA='${INSTALL} -m 644'
INSTALL_PROGRAM='${INSTALL}'
INSTALL_SCRIPT='${INSTALL}'
INSTALL_STRIP_PROGRAM='$(install_sh) -c -s'
LD='/Library/Developer/CommandLineTools/usr/bin/ld'
LDFLAGS=''
LIBOBJS=''
LIBS='-lpthread -lpthread -lpthread -lpthread -lpthread -lpthread -lpthread -lpthread -lpthread -lpthread -lpthread -lpthread -lpthread '
LIBTOOL='$(SHELL) $(top_builddir)/libtool'
LIPO='lipo'
LN_S='ln -s'
LTLIBOBJS=''
LT_SYS_LIBRARY_PATH=''
MAKEINFO='${SHELL} /Users/nader/Develop/xpu-0.1.5/missing makeinfo'
MANIFEST_TOOL=':'
MKDIR_P='./install-sh -c -d'
NM='/usr/bin/nm'
NMEDIT='nmedit'
OBJDUMP='false'
OBJEXT='o'
OTOOL64=':'
OTOOL='otool'
PACKAGE='xpu'
PACKAGE_BUGREPORT='nader.khammassi@gmail.com'
PACKAGE_NAME='libxpu'
PACKAGE_STRING='libxpu 0.1.5'
PACKAGE_TARNAME='xpu'
PACKAGE_URL='http://www.xpu-project.net'
PACKAGE_VERSION='0.1.5'
PATH_SEPARATOR=':'
RANLIB='ranlib'
SED='/usr/bin/sed'
SET_MAKE=''
SHELL='/bin/sh'
STRIP='strip'
VERSION='0.1.5'
XPU_API_VERSION='0.1.5'
XPU_SO_VERSION='1:5:0'
ac_ct_AR='ar'
ac_ct_CC='gcc'
ac_ct_CXX='g++'
ac_ct_DUMPBIN=''
am__EXEEXT_FALSE=''
am__EXEEXT_TRUE='#'
am__fastdepCC_FALSE='#'
am__fastdepCC_TRUE=''
am__fastdepCXX_FALSE='#'
am__fastdepCXX_TRUE=''
am__include='include'
am__isrc=''
am__leading_dot='.'
am__nodep='_no'
am__quote=''
am__tar='$${TAR-tar} chof - "$$tardir"'
am__untar='$${TAR-tar} xf -'
bindir='${exec_prefix}/bin'
build='x86_64-apple-darwin14.5.0'
build_alias=''
build_cpu='x86_64'
build_os='darwin14.5.0'
build_vendor='apple'
datadir='${datarootdir}'
datarootdir='${prefix}/share'
docdir='${datarootdir}/doc/${PACKAGE_TARNAME}'
dvidir='${docdir}'
exec_prefix='${prefix}'
host='x86_64-apple-darwin14.5.0'
host_alias=''
host_cpu='x86_64'
host_os='darwin14.5.0'
host_vendor='apple'
htmldir='${docdir}'
includedir='${prefix}/include'
infodir='${datarootdir}/info'
install_sh='${SHELL} /Users/nader/Develop/xpu-0.1.5/install-sh'
libdir='${exec_prefix}/lib'
libexecdir='${exec_prefix}/libexec'
localedir='${datarootdir}/locale'
localstatedir='${prefix}/var'
mandir='${datarootdir}/man'
mkdir_p='$(MKDIR_P)'
oldincludedir='/usr/include'
pdfdir='${docdir}'
prefix='/usr/local'
program_transform_name='s,x,x,'
psdir='${docdir}'
sbindir='${exec_prefix}/sbin'
sharedstatedir='${prefix}/com'
sysconfdir='${prefix}/etc'
target_alias=''

## ----------- ##
## confdefs.h. ##
## ----------- ##

/* confdefs.h */
#define PACKAGE_NAME "libxpu"
#define PACKAGE_TARNAME "xpu"
#define PACKAGE_VERSION "0.1.5"
#define PACKAGE_STRING "libxpu 0.1.5"
#define PACKAGE_BUGREPORT "nader.khammassi@gmail.com"
#define PACKAGE_URL "http://www.xpu-project.net"
#define HAVE_LIBPTHREAD 1
#define HAVE_LIBPTHREAD 1
#define HAVE_LIBPTHREAD 1
#define HAVE_LIBPTHREAD 1
#define HAVE_LIBPTHREAD 1
#define HAVE_LIBPTHREAD 1
#define HAVE_LIBPTHREAD 1
#define HAVE_LIBPTHREAD 1
#define HAVE_LIBPTHREAD 1
#define HAVE_LIBPTHREAD 1
#define HAVE_LIBPTHREAD 1
#define HAVE_LIBPTHREAD 1
#define HAVE_LIBPTHREAD 1
#define STDC_HEADERS 1
#define HAVE_SYS_TYPES_H 1
#define HAVE_SYS_STAT_H 1
#define HAVE_STDLIB_H 1
#define HAVE_STRING_H 1
#define HAVE_MEMORY_H 1
#define HAVE_STRINGS_H 1
#define HAVE_INTTYPES_H 1
#define HAVE_STDINT_H 1
#define HAVE_UNISTD_H 1
#define HAVE_DLFCN_H 1
#define LT_OBJDIR ".libs/"

configure: exit 0
