This file contains any messages produced by compilers while
running configure, to aid debugging if configure makes a mistake.

It was created by qx-simulator configure 0.1.3, which was
generated by GNU Autoconf 2.69.  Invocation command line was

  $ ./configure 

## --------- ##
## Platform. ##
## --------- ##

hostname = Naders-MacBook-Air.local
uname -m = x86_64
uname -r = 14.5.0
uname -s = Darwin
uname -v = Darwin Kernel Version 14.5.0: Wed Jul 29 02:26:53 PDT 2015; root:xnu-2782.40.9~1/RELEASE_X86_64

/usr/bin/uname -p = i386
/bin/uname -X     = unknown

/bin/arch              = unknown
/usr/bin/arch -k       = unknown
/usr/convex/getsysinfo = unknown
/usr/bin/hostinfo      = Mach kernel version:
	 Darwin Kernel Version 14.5.0: Wed Jul 29 02:26:53 PDT 2015; root:xnu-2782.40.9~1/RELEASE_X86_64
Kernel configured for up to 4 processors.
2 processors are physically available.
4 processors are logically available.
Processor type: x86_64h (Intel x86-64h Haswell)
Processors active: 0 1 2 3
Primary memory available: 8.00 gigabytes
Default processor set: 255 tasks, 1328 threads, 4 processors
Load average: 1.35, Mach factor: 2.64
/bin/machine           = unknown
/usr/bin/oslevel       = unknown
/bin/universe          = unknown

PATH: /usr/local/bin
PATH: /usr/bin
PATH: /bin
PATH: /usr/sbin
PATH: /sbin
PATH: /opt/X11/bin


## ----------- ##
## Core tests. ##
## ----------- ##

configure:2423: checking for a BSD-compatible install
configure:2491: result: /usr/bin/install -c
configure:2502: checking whether build environment is sane
configure:2557: result: yes
configure:2708: checking for a thread-safe mkdir -p
configure:2747: result: ./install-sh -c -d
configure:2754: checking for gawk
configure:2784: result: no
configure:2754: checking for mawk
configure:2784: result: no
configure:2754: checking for nawk
configure:2784: result: no
configure:2754: checking for awk
configure:2770: found /usr/bin/awk
configure:2781: result: awk
configure:2792: checking whether make sets $(MAKE)
configure:2814: result: yes
configure:2843: checking whether make supports nested variables
configure:2860: result: yes
configure:3041: checking for g++
configure:3057: found /usr/bin/g++
configure:3068: result: g++
configure:3095: checking for C++ compiler version
configure:3104: g++ --version >&5
Apple LLVM version 7.0.0 (clang-700.1.76)
Target: x86_64-apple-darwin14.5.0
Thread model: posix
Configured with: --prefix=/Library/Developer/CommandLineTools/usr --with-gxx-include-dir=/usr/include/c++/4.2.1
configure:3115: $? = 0
configure:3104: g++ -v >&5
Configured with: --prefix=/Library/Developer/CommandLineTools/usr --with-gxx-include-dir=/usr/include/c++/4.2.1
Apple LLVM version 7.0.0 (clang-700.1.76)
Target: x86_64-apple-darwin14.5.0
Thread model: posix
configure:3115: $? = 0
configure:3104: g++ -V >&5
clang: error: argument to '-V' is missing (expected 1 value)
clang: error: no input files
configure:3115: $? = 1
configure:3104: g++ -qversion >&5
clang: error: unknown argument: '-qversion'
clang: error: no input files
configure:3115: $? = 1
configure:3135: checking whether the C++ compiler works
configure:3157: g++    conftest.cpp  >&5
configure:3161: $? = 0
configure:3209: result: yes
configure:3212: checking for C++ compiler default output file name
configure:3214: result: a.out
configure:3220: checking for suffix of executables
configure:3227: g++ -o conftest    conftest.cpp  >&5
configure:3231: $? = 0
configure:3253: result: 
configure:3275: checking whether we are cross compiling
configure:3283: g++ -o conftest    conftest.cpp  >&5
configure:3287: $? = 0
configure:3294: ./conftest
configure:3298: $? = 0
configure:3313: result: no
configure:3318: checking for suffix of object files
configure:3340: g++ -c   conftest.cpp >&5
configure:3344: $? = 0
configure:3365: result: o
configure:3369: checking whether we are using the GNU C++ compiler
configure:3388: g++ -c   conftest.cpp >&5
configure:3388: $? = 0
configure:3397: result: yes
configure:3406: checking whether g++ accepts -g
configure:3426: g++ -c -g  conftest.cpp >&5
configure:3426: $? = 0
configure:3467: result: yes
configure:3501: checking for style of include used by make
configure:3529: result: GNU
configure:3555: checking dependency style of g++
configure:3666: result: gcc3
configure:3729: checking for gcc
configure:3745: found /usr/bin/gcc
configure:3756: result: gcc
configure:3985: checking for C compiler version
configure:3994: gcc --version >&5
Apple LLVM version 7.0.0 (clang-700.1.76)
Target: x86_64-apple-darwin14.5.0
Thread model: posix
Configured with: --prefix=/Library/Developer/CommandLineTools/usr --with-gxx-include-dir=/usr/include/c++/4.2.1
configure:4005: $? = 0
configure:3994: gcc -v >&5
Configured with: --prefix=/Library/Developer/CommandLineTools/usr --with-gxx-include-dir=/usr/include/c++/4.2.1
Apple LLVM version 7.0.0 (clang-700.1.76)
Target: x86_64-apple-darwin14.5.0
Thread model: posix
configure:4005: $? = 0
configure:3994: gcc -V >&5
clang: error: argument to '-V' is missing (expected 1 value)
clang: error: no input files
configure:4005: $? = 1
configure:3994: gcc -qversion >&5
clang: error: unknown argument: '-qversion'
clang: error: no input files
configure:4005: $? = 1
configure:4009: checking whether we are using the GNU C compiler
configure:4028: gcc -c   conftest.c >&5
configure:4028: $? = 0
configure:4037: result: yes
configure:4046: checking whether gcc accepts -g
configure:4066: gcc -c -g  conftest.c >&5
configure:4066: $? = 0
configure:4107: result: yes
configure:4124: checking for gcc option to accept ISO C89
configure:4187: gcc  -c -g -O2  conftest.c >&5
configure:4187: $? = 0
configure:4200: result: none needed
configure:4225: checking whether gcc understands -c and -o together
configure:4247: gcc -c conftest.c -o conftest2.o
configure:4250: $? = 0
configure:4247: gcc -c conftest.c -o conftest2.o
configure:4250: $? = 0
configure:4262: result: yes
configure:4281: checking dependency style of gcc
configure:4392: result: gcc3
configure:4410: checking for pthread_create in -lpthread
configure:4435: gcc -o conftest -g -O2   conftest.c -lpthread   >&5
configure:4435: $? = 0
configure:4444: result: yes
configure:4455: checking for pthread_join in -lpthread
configure:4480: gcc -o conftest -g -O2   conftest.c -lpthread  -lpthread  >&5
configure:4480: $? = 0
configure:4489: result: yes
configure:4500: checking for pthread_exit in -lpthread
configure:4525: gcc -o conftest -g -O2   conftest.c -lpthread  -lpthread -lpthread  >&5
configure:4525: $? = 0
configure:4534: result: yes
configure:4545: checking for pthread_barrierattr_init in -lpthread
configure:4570: gcc -o conftest -g -O2   conftest.c -lpthread  -lpthread -lpthread -lpthread  >&5
Undefined symbols for architecture x86_64:
  "_pthread_barrierattr_init", referenced from:
      _main in conftest-279fc5.o
ld: symbol(s) not found for architecture x86_64
clang: error: linker command failed with exit code 1 (use -v to see invocation)
configure:4570: $? = 1
configure: failed program was:
| /* confdefs.h */
| #define PACKAGE_NAME "qx-simulator"
| #define PACKAGE_TARNAME "qx-simulator"
| #define PACKAGE_VERSION "0.1.3"
| #define PACKAGE_STRING "qx-simulator 0.1.3"
| #define PACKAGE_BUGREPORT "nader.khammassi@gmail.com"
| #define PACKAGE_URL ""
| #define HAVE_LIBPTHREAD 1
| #define HAVE_LIBPTHREAD 1
| #define HAVE_LIBPTHREAD 1
| /* end confdefs.h.  */
| 
| /* Override any GCC internal prototype to avoid an error.
|    Use char because int might match the return type of a GCC
|    builtin and then its argument prototype would still apply.  */
| #ifdef __cplusplus
| extern "C"
| #endif
| char pthread_barrierattr_init ();
| int
| main ()
| {
| return pthread_barrierattr_init ();
|   ;
|   return 0;
| }
configure:4579: result: no
configure:4590: checking for pthread_barrier_init in -lpthread
configure:4615: gcc -o conftest -g -O2   conftest.c -lpthread  -lpthread -lpthread -lpthread  >&5
Undefined symbols for architecture x86_64:
  "_pthread_barrier_init", referenced from:
      _main in conftest-6cc8e5.o
ld: symbol(s) not found for architecture x86_64
clang: error: linker command failed with exit code 1 (use -v to see invocation)
configure:4615: $? = 1
configure: failed program was:
| /* confdefs.h */
| #define PACKAGE_NAME "qx-simulator"
| #define PACKAGE_TARNAME "qx-simulator"
| #define PACKAGE_VERSION "0.1.3"
| #define PACKAGE_STRING "qx-simulator 0.1.3"
| #define PACKAGE_BUGREPORT "nader.khammassi@gmail.com"
| #define PACKAGE_URL ""
| #define HAVE_LIBPTHREAD 1
| #define HAVE_LIBPTHREAD 1
| #define HAVE_LIBPTHREAD 1
| /* end confdefs.h.  */
| 
| /* Override any GCC internal prototype to avoid an error.
|    Use char because int might match the return type of a GCC
|    builtin and then its argument prototype would still apply.  */
| #ifdef __cplusplus
| extern "C"
| #endif
| char pthread_barrier_init ();
| int
| main ()
| {
| return pthread_barrier_init ();
|   ;
|   return 0;
| }
configure:4624: result: no
configure:4635: checking for pthread_mutex_init in -lpthread
configure:4660: gcc -o conftest -g -O2   conftest.c -lpthread  -lpthread -lpthread -lpthread  >&5
configure:4660: $? = 0
configure:4669: result: yes
configure:4680: checking for pthread_mutex_destroy in -lpthread
configure:4705: gcc -o conftest -g -O2   conftest.c -lpthread  -lpthread -lpthread -lpthread -lpthread  >&5
configure:4705: $? = 0
configure:4714: result: yes
configure:4725: checking for pthread_mutex_lock in -lpthread
configure:4750: gcc -o conftest -g -O2   conftest.c -lpthread  -lpthread -lpthread -lpthread -lpthread -lpthread  >&5
configure:4750: $? = 0
configure:4759: result: yes
configure:4770: checking for pthread_mutex_unlock in -lpthread
configure:4795: gcc -o conftest -g -O2   conftest.c -lpthread  -lpthread -lpthread -lpthread -lpthread -lpthread -lpthread  >&5
configure:4795: $? = 0
configure:4804: result: yes
configure:4815: checking for pthread_cond_init in -lpthread
configure:4840: gcc -o conftest -g -O2   conftest.c -lpthread  -lpthread -lpthread -lpthread -lpthread -lpthread -lpthread -lpthread  >&5
configure:4840: $? = 0
configure:4849: result: yes
configure:4860: checking for pthread_cond_destroy in -lpthread
configure:4885: gcc -o conftest -g -O2   conftest.c -lpthread  -lpthread -lpthread -lpthread -lpthread -lpthread -lpthread -lpthread -lpthread  >&5
configure:4885: $? = 0
configure:4894: result: yes
configure:4905: checking for pthread_cond_destroy in -lpthread
configure:4939: result: yes
configure:4950: checking for pthread_cond_broadcast in -lpthread
configure:4975: gcc -o conftest -g -O2   conftest.c -lpthread  -lpthread -lpthread -lpthread -lpthread -lpthread -lpthread -lpthread -lpthread -lpthread -lpthread  >&5
configure:4975: $? = 0
configure:4984: result: yes
configure:4995: checking for pthread_cond_wait in -lpthread
configure:5020: gcc -o conftest -g -O2   conftest.c -lpthread  -lpthread -lpthread -lpthread -lpthread -lpthread -lpthread -lpthread -lpthread -lpthread -lpthread -lpthread  >&5
configure:5020: $? = 0
configure:5029: result: yes
configure:5040: checking for pthread_cond_signal in -lpthread
configure:5065: gcc -o conftest -g -O2   conftest.c -lpthread  -lpthread -lpthread -lpthread -lpthread -lpthread -lpthread -lpthread -lpthread -lpthread -lpthread -lpthread -lpthread  >&5
configure:5065: $? = 0
configure:5074: result: yes
configure:5088: checking for pow
configure:5088: gcc -o conftest -g -O2   conftest.c -lpthread -lpthread -lpthread -lpthread -lpthread -lpthread -lpthread -lpthread -lpthread -lpthread -lpthread -lpthread -lpthread  >&5
conftest.c:45:6: warning: incompatible redeclaration of library function 'pow' [-Wincompatible-library-redeclaration]
char pow ();
     ^
conftest.c:45:6: note: 'pow' is a builtin with type 'double (double, double)'
1 warning generated.
configure:5088: $? = 0
configure:5088: result: yes
configure:5099: checking for sqrt
configure:5099: gcc -o conftest -g -O2   conftest.c -lpthread -lpthread -lpthread -lpthread -lpthread -lpthread -lpthread -lpthread -lpthread -lpthread -lpthread -lpthread -lpthread  >&5
conftest.c:46:6: warning: incompatible redeclaration of library function 'sqrt' [-Wincompatible-library-redeclaration]
char sqrt ();
     ^
conftest.c:46:6: note: 'sqrt' is a builtin with type 'double (double)'
1 warning generated.
configure:5099: $? = 0
configure:5099: result: yes
configure:5114: checking how to run the C preprocessor
configure:5145: gcc -E  conftest.c
configure:5145: $? = 0
configure:5159: gcc -E  conftest.c
conftest.c:24:10: fatal error: 'ac_nonexistent.h' file not found
#include <ac_nonexistent.h>
         ^
1 error generated.
configure:5159: $? = 1
configure: failed program was:
| /* confdefs.h */
| #define PACKAGE_NAME "qx-simulator"
| #define PACKAGE_TARNAME "qx-simulator"
| #define PACKAGE_VERSION "0.1.3"
| #define PACKAGE_STRING "qx-simulator 0.1.3"
| #define PACKAGE_BUGREPORT "nader.khammassi@gmail.com"
| #define PACKAGE_URL ""
| #define HAVE_LIBPTHREAD 1
| #define HAVE_LIBPTHREAD 1
| #define HAVE_LIBPTHREAD 1
| #define HAVE_LIBPTHREAD 1
| #define HAVE_LIBPTHREAD 1
| #define HAVE_LIBPTHREAD 1
| #define HAVE_LIBPTHREAD 1
| #define HAVE_LIBPTHREAD 1
| #define HAVE_LIBPTHREAD 1
| #define HAVE_LIBPTHREAD 1
| #define HAVE_LIBPTHREAD 1
| #define HAVE_LIBPTHREAD 1
| #define HAVE_LIBPTHREAD 1
| #define HAVE_POW 1
| #define HAVE_SQRT 1
| /* end confdefs.h.  */
| #include <ac_nonexistent.h>
configure:5184: result: gcc -E
configure:5204: gcc -E  conftest.c
configure:5204: $? = 0
configure:5218: gcc -E  conftest.c
conftest.c:24:10: fatal error: 'ac_nonexistent.h' file not found
#include <ac_nonexistent.h>
         ^
1 error generated.
configure:5218: $? = 1
configure: failed program was:
| /* confdefs.h */
| #define PACKAGE_NAME "qx-simulator"
| #define PACKAGE_TARNAME "qx-simulator"
| #define PACKAGE_VERSION "0.1.3"
| #define PACKAGE_STRING "qx-simulator 0.1.3"
| #define PACKAGE_BUGREPORT "nader.khammassi@gmail.com"
| #define PACKAGE_URL ""
| #define HAVE_LIBPTHREAD 1
| #define HAVE_LIBPTHREAD 1
| #define HAVE_LIBPTHREAD 1
| #define HAVE_LIBPTHREAD 1
| #define HAVE_LIBPTHREAD 1
| #define HAVE_LIBPTHREAD 1
| #define HAVE_LIBPTHREAD 1
| #define HAVE_LIBPTHREAD 1
| #define HAVE_LIBPTHREAD 1
| #define HAVE_LIBPTHREAD 1
| #define HAVE_LIBPTHREAD 1
| #define HAVE_LIBPTHREAD 1
| #define HAVE_LIBPTHREAD 1
| #define HAVE_POW 1
| #define HAVE_SQRT 1
| /* end confdefs.h.  */
| #include <ac_nonexistent.h>
configure:5247: checking for grep that handles long lines and -e
configure:5305: result: /usr/bin/grep
configure:5310: checking for egrep
configure:5372: result: /usr/bin/grep -E
configure:5377: checking for ANSI C header files
configure:5397: gcc -c -g -O2  conftest.c >&5
configure:5397: $? = 0
configure:5470: gcc -o conftest -g -O2   conftest.c -lpthread -lpthread -lpthread -lpthread -lpthread -lpthread -lpthread -lpthread -lpthread -lpthread -lpthread -lpthread -lpthread  >&5
configure:5470: $? = 0
configure:5470: ./conftest
configure:5470: $? = 0
configure:5481: result: yes
configure:5494: checking for sys/types.h
configure:5494: gcc -c -g -O2  conftest.c >&5
configure:5494: $? = 0
configure:5494: result: yes
configure:5494: checking for sys/stat.h
configure:5494: gcc -c -g -O2  conftest.c >&5
configure:5494: $? = 0
configure:5494: result: yes
configure:5494: checking for stdlib.h
configure:5494: gcc -c -g -O2  conftest.c >&5
configure:5494: $? = 0
configure:5494: result: yes
configure:5494: checking for string.h
configure:5494: gcc -c -g -O2  conftest.c >&5
configure:5494: $? = 0
configure:5494: result: yes
configure:5494: checking for memory.h
configure:5494: gcc -c -g -O2  conftest.c >&5
configure:5494: $? = 0
configure:5494: result: yes
configure:5494: checking for strings.h
configure:5494: gcc -c -g -O2  conftest.c >&5
configure:5494: $? = 0
configure:5494: result: yes
configure:5494: checking for inttypes.h
configure:5494: gcc -c -g -O2  conftest.c >&5
configure:5494: $? = 0
configure:5494: result: yes
configure:5494: checking for stdint.h
configure:5494: gcc -c -g -O2  conftest.c >&5
configure:5494: $? = 0
configure:5494: result: yes
configure:5494: checking for unistd.h
configure:5494: gcc -c -g -O2  conftest.c >&5
configure:5494: $? = 0
configure:5494: result: yes
configure:5508: checking fcntl.h usability
configure:5508: gcc -c -g -O2  conftest.c >&5
configure:5508: $? = 0
configure:5508: result: yes
configure:5508: checking fcntl.h presence
configure:5508: gcc -E  conftest.c
configure:5508: $? = 0
configure:5508: result: yes
configure:5508: checking for fcntl.h
configure:5508: result: yes
configure:5520: checking mach/mach.h usability
configure:5520: gcc -c -g -O2  conftest.c >&5
configure:5520: $? = 0
configure:5520: result: yes
configure:5520: checking mach/mach.h presence
configure:5520: gcc -E  conftest.c
configure:5520: $? = 0
configure:5520: result: yes
configure:5520: checking for mach/mach.h
configure:5520: result: yes
configure:5532: checking for stdint.h
configure:5532: result: yes
configure:5544: checking for strings.h
configure:5544: result: yes
configure:5556: checking for unistd.h
configure:5556: result: yes
configure:5567: checking for stdbool.h that conforms to C99
configure:5634: gcc -c -g -O2  conftest.c >&5
conftest.c:88:24: warning: address of 's' will always evaluate to 'true' [-Wpointer-bool-conversion]
             bool e = &s;
                  ~    ^
conftest.c:92:23: warning: address of array 'a' will always evaluate to 'true' [-Wpointer-bool-conversion]
             return (!a + !b + !c + !d + !e + !f + !g + !h + !i + !!j + !k + !!l
                     ~^
conftest.c:92:28: warning: address of array 'b' will always evaluate to 'true' [-Wpointer-bool-conversion]
             return (!a + !b + !c + !d + !e + !f + !g + !h + !i + !!j + !k + !!l
                          ~^
conftest.c:92:33: warning: address of array 'c' will always evaluate to 'true' [-Wpointer-bool-conversion]
             return (!a + !b + !c + !d + !e + !f + !g + !h + !i + !!j + !k + !!l
                               ~^
conftest.c:92:38: warning: address of array 'd' will always evaluate to 'true' [-Wpointer-bool-conversion]
             return (!a + !b + !c + !d + !e + !f + !g + !h + !i + !!j + !k + !!l
                                    ~^
conftest.c:92:48: warning: address of array 'f' will always evaluate to 'true' [-Wpointer-bool-conversion]
             return (!a + !b + !c + !d + !e + !f + !g + !h + !i + !!j + !k + !!l
                                              ~^
conftest.c:92:53: warning: address of array 'g' will always evaluate to 'true' [-Wpointer-bool-conversion]
             return (!a + !b + !c + !d + !e + !f + !g + !h + !i + !!j + !k + !!l
                                                   ~^
conftest.c:92:58: warning: address of array 'h' will always evaluate to 'true' [-Wpointer-bool-conversion]
             return (!a + !b + !c + !d + !e + !f + !g + !h + !i + !!j + !k + !!l
                                                        ~^
conftest.c:92:63: warning: address of array 'i' will always evaluate to 'true' [-Wpointer-bool-conversion]
             return (!a + !b + !c + !d + !e + !f + !g + !h + !i + !!j + !k + !!l
                                                             ~^
conftest.c:93:30: warning: address of array 'n' will always evaluate to 'true' [-Wpointer-bool-conversion]
                            ~^
conftest.c:93:35: warning: address of array 'o' will always evaluate to 'true' [-Wpointer-bool-conversion]
                                 ~^
conftest.c:93:40: warning: address of array 'p' will always evaluate to 'true' [-Wpointer-bool-conversion]
                                      ~^
12 warnings generated.
configure:5634: $? = 0
configure:5641: result: yes
configure:5643: checking for _Bool
configure:5643: gcc -c -g -O2  conftest.c >&5
configure:5643: $? = 0
configure:5643: gcc -c -g -O2  conftest.c >&5
conftest.c:75:20: error: expected expression
if (sizeof ((_Bool)))
                   ^
1 error generated.
configure:5643: $? = 1
configure: failed program was:
| /* confdefs.h */
| #define PACKAGE_NAME "qx-simulator"
| #define PACKAGE_TARNAME "qx-simulator"
| #define PACKAGE_VERSION "0.1.3"
| #define PACKAGE_STRING "qx-simulator 0.1.3"
| #define PACKAGE_BUGREPORT "nader.khammassi@gmail.com"
| #define PACKAGE_URL ""
| #define HAVE_LIBPTHREAD 1
| #define HAVE_LIBPTHREAD 1
| #define HAVE_LIBPTHREAD 1
| #define HAVE_LIBPTHREAD 1
| #define HAVE_LIBPTHREAD 1
| #define HAVE_LIBPTHREAD 1
| #define HAVE_LIBPTHREAD 1
| #define HAVE_LIBPTHREAD 1
| #define HAVE_LIBPTHREAD 1
| #define HAVE_LIBPTHREAD 1
| #define HAVE_LIBPTHREAD 1
| #define HAVE_LIBPTHREAD 1
| #define HAVE_LIBPTHREAD 1
| #define HAVE_POW 1
| #define HAVE_SQRT 1
| #define STDC_HEADERS 1
| #define HAVE_SYS_TYPES_H 1
| #define HAVE_SYS_STAT_H 1
| #define HAVE_STDLIB_H 1
| #define HAVE_STRING_H 1
| #define HAVE_MEMORY_H 1
| #define HAVE_STRINGS_H 1
| #define HAVE_INTTYPES_H 1
| #define HAVE_STDINT_H 1
| #define HAVE_UNISTD_H 1
| #define HAVE_FCNTL_H 1
| #define HAVE_MACH_MACH_H 1
| #define HAVE_STDINT_H 1
| #define HAVE_STRINGS_H 1
| #define HAVE_UNISTD_H 1
| /* end confdefs.h.  */
| #include <stdio.h>
| #ifdef HAVE_SYS_TYPES_H
| # include <sys/types.h>
| #endif
| #ifdef HAVE_SYS_STAT_H
| # include <sys/stat.h>
| #endif
| #ifdef STDC_HEADERS
| # include <stdlib.h>
| # include <stddef.h>
| #else
| # ifdef HAVE_STDLIB_H
| #  include <stdlib.h>
| # endif
| #endif
| #ifdef HAVE_STRING_H
| # if !defined STDC_HEADERS && defined HAVE_MEMORY_H
| #  include <memory.h>
| # endif
| # include <string.h>
| #endif
| #ifdef HAVE_STRINGS_H
| # include <strings.h>
| #endif
| #ifdef HAVE_INTTYPES_H
| # include <inttypes.h>
| #endif
| #ifdef HAVE_STDINT_H
| # include <stdint.h>
| #endif
| #ifdef HAVE_UNISTD_H
| # include <unistd.h>
| #endif
| int
| main ()
| {
| if (sizeof ((_Bool)))
| 	    return 0;
|   ;
|   return 0;
| }
configure:5643: result: yes
configure:5654: checking for inline
configure:5670: gcc -c -g -O2  conftest.c >&5
configure:5670: $? = 0
configure:5678: result: inline
configure:5696: checking for error_at_line
configure:5712: gcc -o conftest -g -O2   conftest.c -lpthread -lpthread -lpthread -lpthread -lpthread -lpthread -lpthread -lpthread -lpthread -lpthread -lpthread -lpthread -lpthread  >&5
conftest.c:40:10: fatal error: 'error.h' file not found
#include <error.h>
         ^
1 error generated.
configure:5712: $? = 1
configure: failed program was:
| /* confdefs.h */
| #define PACKAGE_NAME "qx-simulator"
| #define PACKAGE_TARNAME "qx-simulator"
| #define PACKAGE_VERSION "0.1.3"
| #define PACKAGE_STRING "qx-simulator 0.1.3"
| #define PACKAGE_BUGREPORT "nader.khammassi@gmail.com"
| #define PACKAGE_URL ""
| #define HAVE_LIBPTHREAD 1
| #define HAVE_LIBPTHREAD 1
| #define HAVE_LIBPTHREAD 1
| #define HAVE_LIBPTHREAD 1
| #define HAVE_LIBPTHREAD 1
| #define HAVE_LIBPTHREAD 1
| #define HAVE_LIBPTHREAD 1
| #define HAVE_LIBPTHREAD 1
| #define HAVE_LIBPTHREAD 1
| #define HAVE_LIBPTHREAD 1
| #define HAVE_LIBPTHREAD 1
| #define HAVE_LIBPTHREAD 1
| #define HAVE_LIBPTHREAD 1
| #define HAVE_POW 1
| #define HAVE_SQRT 1
| #define STDC_HEADERS 1
| #define HAVE_SYS_TYPES_H 1
| #define HAVE_SYS_STAT_H 1
| #define HAVE_STDLIB_H 1
| #define HAVE_STRING_H 1
| #define HAVE_MEMORY_H 1
| #define HAVE_STRINGS_H 1
| #define HAVE_INTTYPES_H 1
| #define HAVE_STDINT_H 1
| #define HAVE_UNISTD_H 1
| #define HAVE_FCNTL_H 1
| #define HAVE_MACH_MACH_H 1
| #define HAVE_STDINT_H 1
| #define HAVE_STRINGS_H 1
| #define HAVE_UNISTD_H 1
| #define HAVE__BOOL 1
| /* end confdefs.h.  */
| #include <error.h>
| int
| main ()
| {
| error_at_line (0, 0, "", 0, "an error occurred");
|   ;
|   return 0;
| }
configure:5720: result: no
configure:5731: checking for int32_t
configure:5731: gcc -c -g -O2  conftest.c >&5
configure:5731: $? = 0
configure:5731: gcc -c -g -O2  conftest.c >&5
conftest.c:77:24: error: 'test_array' declared as an array with a negative size
static int test_array [1 - 2 * !((int32_t) (((((int32_t) 1 << N) << N) - 1) * 2 + 1)
                       ^~~~~~~~~~~~~~~~~~~~~~~~~~~~~~~~~~~~~~~~~~~~~~~~~~~~~~~~~~~~~
1 error generated.
configure:5731: $? = 1
configure: failed program was:
| /* confdefs.h */
| #define PACKAGE_NAME "qx-simulator"
| #define PACKAGE_TARNAME "qx-simulator"
| #define PACKAGE_VERSION "0.1.3"
| #define PACKAGE_STRING "qx-simulator 0.1.3"
| #define PACKAGE_BUGREPORT "nader.khammassi@gmail.com"
| #define PACKAGE_URL ""
| #define HAVE_LIBPTHREAD 1
| #define HAVE_LIBPTHREAD 1
| #define HAVE_LIBPTHREAD 1
| #define HAVE_LIBPTHREAD 1
| #define HAVE_LIBPTHREAD 1
| #define HAVE_LIBPTHREAD 1
| #define HAVE_LIBPTHREAD 1
| #define HAVE_LIBPTHREAD 1
| #define HAVE_LIBPTHREAD 1
| #define HAVE_LIBPTHREAD 1
| #define HAVE_LIBPTHREAD 1
| #define HAVE_LIBPTHREAD 1
| #define HAVE_LIBPTHREAD 1
| #define HAVE_POW 1
| #define HAVE_SQRT 1
| #define STDC_HEADERS 1
| #define HAVE_SYS_TYPES_H 1
| #define HAVE_SYS_STAT_H 1
| #define HAVE_STDLIB_H 1
| #define HAVE_STRING_H 1
| #define HAVE_MEMORY_H 1
| #define HAVE_STRINGS_H 1
| #define HAVE_INTTYPES_H 1
| #define HAVE_STDINT_H 1
| #define HAVE_UNISTD_H 1
| #define HAVE_FCNTL_H 1
| #define HAVE_MACH_MACH_H 1
| #define HAVE_STDINT_H 1
| #define HAVE_STRINGS_H 1
| #define HAVE_UNISTD_H 1
| #define HAVE__BOOL 1
| /* end confdefs.h.  */
| #include <stdio.h>
| #ifdef HAVE_SYS_TYPES_H
| # include <sys/types.h>
| #endif
| #ifdef HAVE_SYS_STAT_H
| # include <sys/stat.h>
| #endif
| #ifdef STDC_HEADERS
| # include <stdlib.h>
| # include <stddef.h>
| #else
| # ifdef HAVE_STDLIB_H
| #  include <stdlib.h>
| # endif
| #endif
| #ifdef HAVE_STRING_H
| # if !defined STDC_HEADERS && defined HAVE_MEMORY_H
| #  include <memory.h>
| # endif
| # include <string.h>
| #endif
| #ifdef HAVE_STRINGS_H
| # include <strings.h>
| #endif
| #ifdef HAVE_INTTYPES_H
| # include <inttypes.h>
| #endif
| #ifdef HAVE_STDINT_H
| # include <stdint.h>
| #endif
| #ifdef HAVE_UNISTD_H
| # include <unistd.h>
| #endif
| 	        enum { N = 32 / 2 - 1 };
| int
| main ()
| {
| static int test_array [1 - 2 * !((int32_t) (((((int32_t) 1 << N) << N) - 1) * 2 + 1)
| 		 < (int32_t) (((((int32_t) 1 << N) << N) - 1) * 2 + 2))];
| test_array [0] = 0;
| return test_array [0];
| 
|   ;
|   return 0;
| }
configure:5731: result: yes
configure:5742: checking for size_t
configure:5742: gcc -c -g -O2  conftest.c >&5
configure:5742: $? = 0
configure:5742: gcc -c -g -O2  conftest.c >&5
conftest.c:76:21: error: expected expression
if (sizeof ((size_t)))
                    ^
1 error generated.
configure:5742: $? = 1
configure: failed program was:
| /* confdefs.h */
| #define PACKAGE_NAME "qx-simulator"
| #define PACKAGE_TARNAME "qx-simulator"
| #define PACKAGE_VERSION "0.1.3"
| #define PACKAGE_STRING "qx-simulator 0.1.3"
| #define PACKAGE_BUGREPORT "nader.khammassi@gmail.com"
| #define PACKAGE_URL ""
| #define HAVE_LIBPTHREAD 1
| #define HAVE_LIBPTHREAD 1
| #define HAVE_LIBPTHREAD 1
| #define HAVE_LIBPTHREAD 1
| #define HAVE_LIBPTHREAD 1
| #define HAVE_LIBPTHREAD 1
| #define HAVE_LIBPTHREAD 1
| #define HAVE_LIBPTHREAD 1
| #define HAVE_LIBPTHREAD 1
| #define HAVE_LIBPTHREAD 1
| #define HAVE_LIBPTHREAD 1
| #define HAVE_LIBPTHREAD 1
| #define HAVE_LIBPTHREAD 1
| #define HAVE_POW 1
| #define HAVE_SQRT 1
| #define STDC_HEADERS 1
| #define HAVE_SYS_TYPES_H 1
| #define HAVE_SYS_STAT_H 1
| #define HAVE_STDLIB_H 1
| #define HAVE_STRING_H 1
| #define HAVE_MEMORY_H 1
| #define HAVE_STRINGS_H 1
| #define HAVE_INTTYPES_H 1
| #define HAVE_STDINT_H 1
| #define HAVE_UNISTD_H 1
| #define HAVE_FCNTL_H 1
| #define HAVE_MACH_MACH_H 1
| #define HAVE_STDINT_H 1
| #define HAVE_STRINGS_H 1
| #define HAVE_UNISTD_H 1
| #define HAVE__BOOL 1
| /* end confdefs.h.  */
| #include <stdio.h>
| #ifdef HAVE_SYS_TYPES_H
| # include <sys/types.h>
| #endif
| #ifdef HAVE_SYS_STAT_H
| # include <sys/stat.h>
| #endif
| #ifdef STDC_HEADERS
| # include <stdlib.h>
| # include <stddef.h>
| #else
| # ifdef HAVE_STDLIB_H
| #  include <stdlib.h>
| # endif
| #endif
| #ifdef HAVE_STRING_H
| # if !defined STDC_HEADERS && defined HAVE_MEMORY_H
| #  include <memory.h>
| # endif
| # include <string.h>
| #endif
| #ifdef HAVE_STRINGS_H
| # include <strings.h>
| #endif
| #ifdef HAVE_INTTYPES_H
| # include <inttypes.h>
| #endif
| #ifdef HAVE_STDINT_H
| # include <stdint.h>
| #endif
| #ifdef HAVE_UNISTD_H
| # include <unistd.h>
| #endif
| int
| main ()
| {
| if (sizeof ((size_t)))
| 	    return 0;
|   ;
|   return 0;
| }
configure:5742: result: yes
configure:5753: checking for uint32_t
configure:5753: gcc -c -g -O2  conftest.c >&5
configure:5753: $? = 0
configure:5753: result: yes
configure:5767: checking for uint64_t
configure:5767: gcc -c -g -O2  conftest.c >&5
configure:5767: $? = 0
configure:5767: result: yes
configure:5838: checking for gcc
configure:5865: result: gcc
configure:6094: checking for C compiler version
configure:6103: gcc --version >&5
Apple LLVM version 7.0.0 (clang-700.1.76)
Target: x86_64-apple-darwin14.5.0
Thread model: posix
Configured with: --prefix=/Library/Developer/CommandLineTools/usr --with-gxx-include-dir=/usr/include/c++/4.2.1
configure:6114: $? = 0
configure:6103: gcc -v >&5
Configured with: --prefix=/Library/Developer/CommandLineTools/usr --with-gxx-include-dir=/usr/include/c++/4.2.1
Apple LLVM version 7.0.0 (clang-700.1.76)
Target: x86_64-apple-darwin14.5.0
Thread model: posix
configure:6114: $? = 0
configure:6103: gcc -V >&5
clang: error: argument to '-V' is missing (expected 1 value)
clang: error: no input files
configure:6114: $? = 1
configure:6103: gcc -qversion >&5
clang: error: unknown argument: '-qversion'
clang: error: no input files
configure:6114: $? = 1
configure:6118: checking whether we are using the GNU C compiler
configure:6146: result: yes
configure:6155: checking whether gcc accepts -g
configure:6216: result: yes
configure:6233: checking for gcc option to accept ISO C89
configure:6309: result: none needed
configure:6334: checking whether gcc understands -c and -o together
configure:6371: result: yes
configure:6390: checking dependency style of gcc
configure:6501: result: gcc3
configure:6626: checking that generated files are newer than configure
configure:6632: result: done
configure:6663: creating ./config.status

## ---------------------- ##
## Running config.status. ##
## ---------------------- ##

This file was extended by qx-simulator config.status 0.1.3, which was
generated by GNU Autoconf 2.69.  Invocation command line was

  CONFIG_FILES    = 
  CONFIG_HEADERS  = 
  CONFIG_LINKS    = 
  CONFIG_COMMANDS = 
  $ ./config.status 

on Naders-MacBook-Air.local

config.status:880: creating Makefile
config.status:880: creating qx.pc
config.status:880: creating config.h
config.status:1061: config.h is unchanged
config.status:1109: executing depfiles commands

## ---------------- ##
## Cache variables. ##
## ---------------- ##

ac_cv_c_compiler_gnu=yes
ac_cv_c_inline=inline
ac_cv_c_int32_t=yes
ac_cv_c_uint32_t=yes
ac_cv_c_uint64_t=yes
ac_cv_cxx_compiler_gnu=yes
ac_cv_env_CCC_set=
ac_cv_env_CCC_value=
ac_cv_env_CC_set=
ac_cv_env_CC_value=
ac_cv_env_CFLAGS_set=
ac_cv_env_CFLAGS_value=
ac_cv_env_CPPFLAGS_set=
ac_cv_env_CPPFLAGS_value=
ac_cv_env_CPP_set=
ac_cv_env_CPP_value=
ac_cv_env_CXXFLAGS_set=
ac_cv_env_CXXFLAGS_value=
ac_cv_env_CXX_set=
ac_cv_env_CXX_value=
ac_cv_env_LDFLAGS_set=
ac_cv_env_LDFLAGS_value=
ac_cv_env_LIBS_set=
ac_cv_env_LIBS_value=
ac_cv_env_build_alias_set=
ac_cv_env_build_alias_value=
ac_cv_env_host_alias_set=
ac_cv_env_host_alias_value=
ac_cv_env_target_alias_set=
ac_cv_env_target_alias_value=
ac_cv_func_pow=yes
ac_cv_func_sqrt=yes
ac_cv_header_fcntl_h=yes
ac_cv_header_inttypes_h=yes
ac_cv_header_mach_mach_h=yes
ac_cv_header_memory_h=yes
ac_cv_header_stdbool_h=yes
ac_cv_header_stdc=yes
ac_cv_header_stdint_h=yes
ac_cv_header_stdlib_h=yes
ac_cv_header_string_h=yes
ac_cv_header_strings_h=yes
ac_cv_header_sys_stat_h=yes
ac_cv_header_sys_types_h=yes
ac_cv_header_unistd_h=yes
ac_cv_lib_error_at_line=no
ac_cv_lib_pthread_pthread_barrier_init=no
ac_cv_lib_pthread_pthread_barrierattr_init=no
ac_cv_lib_pthread_pthread_cond_broadcast=yes
ac_cv_lib_pthread_pthread_cond_destroy=yes
ac_cv_lib_pthread_pthread_cond_init=yes
ac_cv_lib_pthread_pthread_cond_signal=yes
ac_cv_lib_pthread_pthread_cond_wait=yes
ac_cv_lib_pthread_pthread_create=yes
ac_cv_lib_pthread_pthread_exit=yes
ac_cv_lib_pthread_pthread_join=yes
ac_cv_lib_pthread_pthread_mutex_destroy=yes
ac_cv_lib_pthread_pthread_mutex_init=yes
ac_cv_lib_pthread_pthread_mutex_lock=yes
ac_cv_lib_pthread_pthread_mutex_unlock=yes
ac_cv_objext=o
ac_cv_path_EGREP='/usr/bin/grep -E'
ac_cv_path_GREP=/usr/bin/grep
ac_cv_path_install='/usr/bin/install -c'
ac_cv_prog_AWK=awk
ac_cv_prog_CPP='gcc -E'
ac_cv_prog_ac_ct_CC=gcc
ac_cv_prog_ac_ct_CXX=g++
ac_cv_prog_cc_c89=
ac_cv_prog_cc_g=yes
ac_cv_prog_cxx_g=yes
ac_cv_prog_make_make_set=yes
ac_cv_type__Bool=yes
ac_cv_type_size_t=yes
am_cv_CC_dependencies_compiler_type=gcc3
am_cv_CXX_dependencies_compiler_type=gcc3
am_cv_make_support_nested_variables=yes
am_cv_prog_cc_c_o=yes

## ----------------- ##
## Output variables. ##
## ----------------- ##

ACLOCAL='${SHELL} /Users/nader/Develop/qx/src/missing aclocal-1.15'
AMDEPBACKSLASH='\'
AMDEP_FALSE='#'
AMDEP_TRUE=''
AMTAR='$${TAR-tar}'
AM_BACKSLASH='\'
AM_DEFAULT_V='$(AM_DEFAULT_VERBOSITY)'
AM_DEFAULT_VERBOSITY='1'
AM_V='$(V)'
AUTOCONF='${SHELL} /Users/nader/Develop/qx/src/missing autoconf'
AUTOHEADER='${SHELL} /Users/nader/Develop/qx/src/missing autoheader'
AUTOMAKE='${SHELL} /Users/nader/Develop/qx/src/missing automake-1.15'
AWK='awk'
CC='gcc'
CCDEPMODE='depmode=gcc3'
CFLAGS='-g -O2'
CPP='gcc -E'
CPPFLAGS=''
CXX='g++'
CXXDEPMODE='depmode=gcc3'
CXXFLAGS='-g -O2'
CYGPATH_W='echo'
DEFS='-DHAVE_CONFIG_H'
DEPDIR='.deps'
ECHO_C='\c'
ECHO_N=''
ECHO_T=''
EGREP='/usr/bin/grep -E'
EXEEXT=''
GREP='/usr/bin/grep'
INSTALL_DATA='${INSTALL} -m 644'
INSTALL_PROGRAM='${INSTALL}'
INSTALL_SCRIPT='${INSTALL}'
INSTALL_STRIP_PROGRAM='$(install_sh) -c -s'
LDFLAGS=''
LIBOBJS=' ${LIBOBJDIR}error$U.o'
LIBS='-lpthread -lpthread -lpthread -lpthread -lpthread -lpthread -lpthread -lpthread -lpthread -lpthread -lpthread -lpthread -lpthread '
LTLIBOBJS=' ${LIBOBJDIR}error$U.lo'
MAKEINFO='${SHELL} /Users/nader/Develop/qx/src/missing makeinfo'
MKDIR_P='./install-sh -c -d'
OBJEXT='o'
PACKAGE='qx-simulator'
PACKAGE_BUGREPORT='nader.khammassi@gmail.com'
PACKAGE_NAME='qx-simulator'
PACKAGE_STRING='qx-simulator 0.1.3'
PACKAGE_TARNAME='qx-simulator'
PACKAGE_URL=''
PACKAGE_VERSION='0.1.3'
PATH_SEPARATOR=':'
QCODE_VERSION='0.1.0'
QX_VERSION='0:1:3'
SET_MAKE=''
SHELL='/bin/sh'
STRIP=''
VERSION='0.1.3'
ac_ct_CC='gcc'
ac_ct_CXX='g++'
am__EXEEXT_FALSE=''
am__EXEEXT_TRUE='#'
am__fastdepCC_FALSE='#'
am__fastdepCC_TRUE=''
am__fastdepCXX_FALSE='#'
am__fastdepCXX_TRUE=''
am__include='include'
am__isrc=''
am__leading_dot='.'
am__nodep='_no'
am__quote=''
am__tar='$${TAR-tar} chof - "$$tardir"'
am__untar='$${TAR-tar} xf -'
bindir='${exec_prefix}/bin'
build_alias=''
datadir='${datarootdir}'
datarootdir='${prefix}/share'
docdir='${datarootdir}/doc/${PACKAGE_TARNAME}'
dvidir='${docdir}'
exec_prefix='${prefix}'
host_alias=''
htmldir='${docdir}'
includedir='${prefix}/include'
infodir='${datarootdir}/info'
install_sh='${SHELL} /Users/nader/Develop/qx/src/install-sh'
libdir='${exec_prefix}/lib'
libexecdir='${exec_prefix}/libexec'
localedir='${datarootdir}/locale'
localstatedir='${prefix}/var'
mandir='${datarootdir}/man'
mkdir_p='$(MKDIR_P)'
oldincludedir='/usr/include'
pdfdir='${docdir}'
prefix='/usr/local'
program_transform_name='s,x,x,'
psdir='${docdir}'
sbindir='${exec_prefix}/sbin'
sharedstatedir='${prefix}/com'
sysconfdir='${prefix}/etc'
target_alias=''

## ----------- ##
## confdefs.h. ##
## ----------- ##

/* confdefs.h */
#define PACKAGE_NAME "qx-simulator"
#define PACKAGE_TARNAME "qx-simulator"
#define PACKAGE_VERSION "0.1.3"
#define PACKAGE_STRING "qx-simulator 0.1.3"
#define PACKAGE_BUGREPORT "nader.khammassi@gmail.com"
#define PACKAGE_URL ""
#define HAVE_LIBPTHREAD 1
#define HAVE_LIBPTHREAD 1
#define HAVE_LIBPTHREAD 1
#define HAVE_LIBPTHREAD 1
#define HAVE_LIBPTHREAD 1
#define HAVE_LIBPTHREAD 1
#define HAVE_LIBPTHREAD 1
#define HAVE_LIBPTHREAD 1
#define HAVE_LIBPTHREAD 1
#define HAVE_LIBPTHREAD 1
#define HAVE_LIBPTHREAD 1
#define HAVE_LIBPTHREAD 1
#define HAVE_LIBPTHREAD 1
#define HAVE_POW 1
#define HAVE_SQRT 1
#define STDC_HEADERS 1
#define HAVE_SYS_TYPES_H 1
#define HAVE_SYS_STAT_H 1
#define HAVE_STDLIB_H 1
#define HAVE_STRING_H 1
#define HAVE_MEMORY_H 1
#define HAVE_STRINGS_H 1
#define HAVE_INTTYPES_H 1
#define HAVE_STDINT_H 1
#define HAVE_UNISTD_H 1
#define HAVE_FCNTL_H 1
#define HAVE_MACH_MACH_H 1
#define HAVE_STDINT_H 1
#define HAVE_STRINGS_H 1
#define HAVE_UNISTD_H 1
#define HAVE__BOOL 1

configure: exit 0
